


ARM Macro Assembler    Page 1 


    1 00000000         ;/*-----------------------------------------------------
                       -----------------------
    2 00000000         ; *      RL-ARM - RTX
    3 00000000         ; *-----------------------------------------------------
                       -----------------------
    4 00000000         ; *      Name:    SVC_TABLE.S
    5 00000000         ; *      Purpose: Pre-defined SVC Table for Cortex-M
    6 00000000         ; *      Rev.:    V4.70
    7 00000000         ; *----------------------
    8 00000000         ;------------------------------------------------------
    9 00000000         ; *
   10 00000000         ; * Copyright (c) 1999-2009 KEIL, 2009-2013 ARM Germany 
                       GmbH
   11 00000000         ; * All rights reserved.
   12 00000000         ; * Redistribution and use in source and binary forms, w
                       ith or without
   13 00000000         ; * modification, are permitted provided that the follow
                       ing conditions are met:
   14 00000000         ; *  - Redistributions of source code must retain the ab
                       ove copyright
   15 00000000         ; *    notice, this list of conditions and the following
                        disclaimer.
   16 00000000         ; *  - Redistributions in binary form must reproduce the
                        above copyright
   17 00000000         ; *    notice, this list of conditions and the following
                        disclaimer in the
   18 00000000         ; *    documentation and/or other materials provided wit
                       h the distribution.
   19 00000000         ; *  - Neither the name of ARM  nor the names of its con
                       tributors may be used 
   20 00000000         ; *    to endorse or promote products derived from this 
                       software without 
   21 00000000         ; *    specific prior written permission.
   22 00000000         ; *
   23 00000000         ; * THIS SOFTWARE IS PROVIDED BY THE COPYRIGHT HOLDERS A
                       ND CONTRIBUTORS "AS IS" 
   24 00000000         ; * AND ANY EXPRESS OR IMPLIED WARRANTIES, INCLUDING, BU
                       T NOT LIMITED TO, THE 
   25 00000000         ; * IMPLIED WARRANTIES OF MERCHANTABILITY AND FITNESS FO
                       R A PARTICULAR PURPOSE
   26 00000000         ; * ARE DISCLAIMED. IN NO EVENT SHALL COPYRIGHT HOLDERS 
                       AND CONTRIBUTORS BE
   27 00000000         ; * LIABLE FOR ANY DIRECT, INDIRECT, INCIDENTAL, SPECIAL
                       , EXEMPLARY, OR
   28 00000000         ; * CONSEQUENTIAL DAMAGES (INCLUDING, BUT NOT LIMITED TO
                       , PROCUREMENT OF 
   29 00000000         ; * SUBSTITUTE GOODS OR SERVICES; LOSS OF USE, DATA, OR 
                       PROFITS; OR BUSINESS 
   30 00000000         ; * INTERRUPTION) HOWEVER CAUSED AND ON ANY THEORY OF LI
                       ABILITY, WHETHER IN 
   31 00000000         ; * CONTRACT, STRICT LIABILITY, OR TORT (INCLUDING NEGLI
                       GENCE OR OTHERWISE) 
   32 00000000         ; * ARISING IN ANY WAY OUT OF THE USE OF THIS SOFTWARE, 
                       EVEN IF ADVISED OF THE
   33 00000000         ; * POSSIBILITY OF SUCH DAMAGE.
   34 00000000         ; *-----------------------------------------------------
                       ----------------------*/
   35 00000000         
   36 00000000         



ARM Macro Assembler    Page 2 


   37 00000000                 AREA             SVC_TABLE, CODE, READONLY
   38 00000000         
   39 00000000                 EXPORT           SVC_Count
   40 00000000         
   41 00000000 00000013 
                       SVC_Cnt EQU              (SVC_End-SVC_Table)/4
   42 00000000 00000013 
                       SVC_Count
                               DCD              SVC_Cnt
   43 00000004         
   44 00000004         ; Import user SVC functions here.
   45 00000004                 IMPORT           __SVC_1
   46 00000004                 IMPORT           __SVC_2
   47 00000004                 IMPORT           __SVC_3
   48 00000004                 IMPORT           __SVC_4
   49 00000004                 IMPORT           __SVC_5
   50 00000004                 IMPORT           __SVC_6
   51 00000004                 IMPORT           __SVC_7
   52 00000004                 IMPORT           __SVC_8
   53 00000004                 IMPORT           __SVC_9
   54 00000004                 IMPORT           __SVC_10
   55 00000004                 IMPORT           __SVC_11
   56 00000004                 IMPORT           __SVC_12
   57 00000004                 IMPORT           __SVC_13
   58 00000004                 IMPORT           __SVC_14
   59 00000004                 IMPORT           __SVC_15
   60 00000004                 IMPORT           __SVC_16
   61 00000004                 IMPORT           __SVC_17
   62 00000004                 IMPORT           __SVC_18
   63 00000004                 IMPORT           __SVC_19
   64 00000004         
   65 00000004                 EXPORT           SVC_Table
   66 00000004         SVC_Table
   67 00000004         ; Insert user SVC functions here. SVC 0 used by RTL Kern
                       el.
   68 00000004 00000000        DCD              __SVC_1     ; user SVC function
                                                            
   69 00000008 00000000        DCD              __SVC_2     ; user SVC function
                                                            
   70 0000000C 00000000        DCD              __SVC_3     ; user SVC function
                                                            
   71 00000010 00000000        DCD              __SVC_4     ; user SVC function
                                                            
   72 00000014 00000000        DCD              __SVC_5     ; user SVC function
                                                            
   73 00000018 00000000        DCD              __SVC_6     ; user SVC function
                                                            
   74 0000001C 00000000        DCD              __SVC_7     ; user SVC function
                                                            
   75 00000020 00000000        DCD              __SVC_8     ; user SVC function
                                                            
   76 00000024 00000000        DCD              __SVC_9     ; user SVC function
                                                            
   77 00000028 00000000        DCD              __SVC_10    ; user SVC function
                                                            
   78 0000002C 00000000        DCD              __SVC_11    ; user SVC function
                                                            
   79 00000030 00000000        DCD              __SVC_12    ; user SVC function
                                                             



ARM Macro Assembler    Page 3 


   80 00000034 00000000        DCD              __SVC_13    ; user SVC function
                                                            
   81 00000038 00000000        DCD              __SVC_14    ; user SVC function
                                                             
   82 0000003C 00000000        DCD              __SVC_15    ; user SVC function
                                                             
   83 00000040 00000000        DCD              __SVC_16    ; user SVC function
                                                            
   84 00000044 00000000        DCD              __SVC_17    ; user SVC function
                                                            
   85 00000048 00000000        DCD              __SVC_18    ; user SVC function
                                                            
   86 0000004C 00000000        DCD              __SVC_19    ; user SVC function
                                                            
   87 00000050         SVC_End
   88 00000050         
   89 00000050                 END
Command Line: --debug --xref --cpu=Cortex-M3 --apcs=interwork --depend=.\obj\sv
c_table.d -o.\obj\svc_table.o -I"D:\Programas y Juegos\Keil\ARM\RV31\INC" -I"D:
\Programas y Juegos\Keil\ARM\CMSIS\Include" -I"D:\Programas y Juegos\Keil\ARM\I
nc\NXP\LPC17xx" --predefine="__RTX SETA 1" --predefine="__MICROLIB SETA 1" --li
st=.\lst\svc_table.lst SVC_Table.s



ARM Macro Assembler    Page 1 Alphabetic symbol ordering
Relocatable symbols

SVC_Count 00000000

Symbol: SVC_Count
   Definitions
      At line 42 in file SVC_Table.s
   Uses
      At line 39 in file SVC_Table.s
Comment: SVC_Count used once
SVC_End 00000050

Symbol: SVC_End
   Definitions
      At line 87 in file SVC_Table.s
   Uses
      At line 41 in file SVC_Table.s
Comment: SVC_End used once
SVC_TABLE 00000000

Symbol: SVC_TABLE
   Definitions
      At line 37 in file SVC_Table.s
   Uses
      None
Comment: SVC_TABLE unused
SVC_Table 00000004

Symbol: SVC_Table
   Definitions
      At line 66 in file SVC_Table.s
   Uses
      At line 41 in file SVC_Table.s
      At line 65 in file SVC_Table.s

4 symbols



ARM Macro Assembler    Page 1 Alphabetic symbol ordering
Absolute symbols

SVC_Cnt 00000013

Symbol: SVC_Cnt
   Definitions
      At line 41 in file SVC_Table.s
   Uses
      At line 42 in file SVC_Table.s
Comment: SVC_Cnt used once
1 symbol



ARM Macro Assembler    Page 1 Alphabetic symbol ordering
External symbols

__SVC_1 00000000

Symbol: __SVC_1
   Definitions
      At line 45 in file SVC_Table.s
   Uses
      At line 68 in file SVC_Table.s
Comment: __SVC_1 used once
__SVC_10 00000000

Symbol: __SVC_10
   Definitions
      At line 54 in file SVC_Table.s
   Uses
      At line 77 in file SVC_Table.s
Comment: __SVC_10 used once
__SVC_11 00000000

Symbol: __SVC_11
   Definitions
      At line 55 in file SVC_Table.s
   Uses
      At line 78 in file SVC_Table.s
Comment: __SVC_11 used once
__SVC_12 00000000

Symbol: __SVC_12
   Definitions
      At line 56 in file SVC_Table.s
   Uses
      At line 79 in file SVC_Table.s
Comment: __SVC_12 used once
__SVC_13 00000000

Symbol: __SVC_13
   Definitions
      At line 57 in file SVC_Table.s
   Uses
      At line 80 in file SVC_Table.s
Comment: __SVC_13 used once
__SVC_14 00000000

Symbol: __SVC_14
   Definitions
      At line 58 in file SVC_Table.s
   Uses
      At line 81 in file SVC_Table.s
Comment: __SVC_14 used once
__SVC_15 00000000

Symbol: __SVC_15
   Definitions
      At line 59 in file SVC_Table.s
   Uses
      At line 82 in file SVC_Table.s
Comment: __SVC_15 used once
__SVC_16 00000000

Symbol: __SVC_16



ARM Macro Assembler    Page 2 Alphabetic symbol ordering
External symbols

   Definitions
      At line 60 in file SVC_Table.s
   Uses
      At line 83 in file SVC_Table.s
Comment: __SVC_16 used once
__SVC_17 00000000

Symbol: __SVC_17
   Definitions
      At line 61 in file SVC_Table.s
   Uses
      At line 84 in file SVC_Table.s
Comment: __SVC_17 used once
__SVC_18 00000000

Symbol: __SVC_18
   Definitions
      At line 62 in file SVC_Table.s
   Uses
      At line 85 in file SVC_Table.s
Comment: __SVC_18 used once
__SVC_19 00000000

Symbol: __SVC_19
   Definitions
      At line 63 in file SVC_Table.s
   Uses
      At line 86 in file SVC_Table.s
Comment: __SVC_19 used once
__SVC_2 00000000

Symbol: __SVC_2
   Definitions
      At line 46 in file SVC_Table.s
   Uses
      At line 69 in file SVC_Table.s
Comment: __SVC_2 used once
__SVC_3 00000000

Symbol: __SVC_3
   Definitions
      At line 47 in file SVC_Table.s
   Uses
      At line 70 in file SVC_Table.s
Comment: __SVC_3 used once
__SVC_4 00000000

Symbol: __SVC_4
   Definitions
      At line 48 in file SVC_Table.s
   Uses
      At line 71 in file SVC_Table.s
Comment: __SVC_4 used once
__SVC_5 00000000

Symbol: __SVC_5
   Definitions
      At line 49 in file SVC_Table.s
   Uses



ARM Macro Assembler    Page 3 Alphabetic symbol ordering
External symbols

      At line 72 in file SVC_Table.s
Comment: __SVC_5 used once
__SVC_6 00000000

Symbol: __SVC_6
   Definitions
      At line 50 in file SVC_Table.s
   Uses
      At line 73 in file SVC_Table.s
Comment: __SVC_6 used once
__SVC_7 00000000

Symbol: __SVC_7
   Definitions
      At line 51 in file SVC_Table.s
   Uses
      At line 74 in file SVC_Table.s
Comment: __SVC_7 used once
__SVC_8 00000000

Symbol: __SVC_8
   Definitions
      At line 52 in file SVC_Table.s
   Uses
      At line 75 in file SVC_Table.s
Comment: __SVC_8 used once
__SVC_9 00000000

Symbol: __SVC_9
   Definitions
      At line 53 in file SVC_Table.s
   Uses
      At line 76 in file SVC_Table.s
Comment: __SVC_9 used once
19 symbols
356 symbols in table
